2024-10-27 09:53:41,240 - weasyprint.progress - INFO - Step 1 - Fetching and parsing HTML - /py-allotax/src/output_charts/test2.html
2024-10-27 09:53:41,554 - weasyprint.progress - INFO - Step 2 - Fetching and parsing CSS - CSS string
2024-10-27 09:53:41,575 - weasyprint.progress - INFO - Step 3 - Applying CSS
2024-10-27 09:53:41,575 - weasyprint - WARNING - Ignored `stroke-dasharray: 3, 3` at 1:1, unknown property.
2024-10-27 09:53:41,575 - weasyprint - WARNING - Ignored `stroke-dasharray: 3, 3` at 1:1, unknown property.
2024-10-27 09:53:41,575 - weasyprint - WARNING - Ignored `stroke-dasharray: 3, 3` at 1:1, unknown property.
2024-10-27 09:53:41,575 - weasyprint - WARNING - Ignored `stroke-dasharray: 3, 3` at 1:1, unknown property.
2024-10-27 09:53:41,575 - weasyprint - WARNING - Ignored `stroke-dasharray: 3, 3` at 1:1, unknown property.
2024-10-27 09:53:41,575 - weasyprint - WARNING - Ignored `stroke-dasharray: 3, 3` at 1:1, unknown property.
2024-10-27 09:53:41,575 - weasyprint - WARNING - Ignored `stroke-dasharray: 3, 3` at 1:1, unknown property.
2024-10-27 09:53:41,575 - weasyprint - WARNING - Ignored `stroke-dasharray: 3, 3` at 1:1, unknown property.
2024-10-27 09:53:41,575 - weasyprint - WARNING - Ignored `stroke-dasharray: 3, 3` at 1:1, unknown property.
2024-10-27 09:53:41,575 - weasyprint - WARNING - Ignored `stroke-dasharray: 3, 3` at 1:1, unknown property.
2024-10-27 09:53:41,575 - weasyprint - WARNING - Ignored `stroke-dasharray: 3, 3` at 1:1, unknown property.
2024-10-27 09:53:41,575 - weasyprint - WARNING - Ignored `stroke-dasharray: 3, 3` at 1:1, unknown property.
2024-10-27 09:53:41,575 - weasyprint - WARNING - Ignored `stroke-dasharray: 3, 3` at 1:1, unknown property.
2024-10-27 09:53:41,575 - weasyprint - WARNING - Ignored `stroke-dasharray: 3, 3` at 1:1, unknown property.
2024-10-27 09:53:41,575 - weasyprint - WARNING - Ignored `stroke-dasharray: 3, 3` at 1:1, unknown property.
2024-10-27 09:53:41,575 - weasyprint - WARNING - Ignored `stroke-dasharray: 3, 3` at 1:1, unknown property.
2024-10-27 09:53:41,575 - weasyprint - WARNING - Ignored `stroke-dasharray: 3, 3` at 1:1, unknown property.
2024-10-27 09:53:41,575 - weasyprint - WARNING - Ignored `stroke-dasharray: 3, 3` at 1:1, unknown property.
2024-10-27 09:53:41,575 - weasyprint - WARNING - Ignored `stroke-dasharray: 3, 3` at 1:1, unknown property.
2024-10-27 09:53:41,576 - weasyprint - WARNING - Ignored `stroke-dasharray: 3, 3` at 1:1, unknown property.
2024-10-27 09:53:41,576 - weasyprint - WARNING - Ignored `stroke-dasharray: 3, 3` at 1:1, unknown property.
2024-10-27 09:53:41,576 - weasyprint - WARNING - Ignored `stroke-dasharray: 3, 3` at 1:1, unknown property.
2024-10-27 09:53:41,576 - weasyprint - WARNING - Ignored `stroke-dasharray: 3, 3` at 1:1, unknown property.
2024-10-27 09:53:41,576 - weasyprint - WARNING - Ignored `stroke-dasharray: 3, 3` at 1:1, unknown property.
2024-10-27 09:53:41,576 - weasyprint - WARNING - Ignored `stroke-dasharray: 3, 3` at 1:1, unknown property.
2024-10-27 09:53:41,576 - weasyprint - WARNING - Ignored `stroke-dasharray: 3, 3` at 1:1, unknown property.
2024-10-27 09:53:41,576 - weasyprint - WARNING - Ignored `stroke-dasharray: 3, 3` at 1:1, unknown property.
2024-10-27 09:53:41,576 - weasyprint - WARNING - Ignored `stroke-dasharray: 3, 3` at 1:1, unknown property.
2024-10-27 09:53:41,576 - weasyprint - WARNING - Ignored `stroke-dasharray: 3, 3` at 1:1, unknown property.
2024-10-27 09:53:41,576 - weasyprint - WARNING - Ignored `stroke-dasharray: 3, 3` at 1:1, unknown property.
2024-10-27 09:53:41,576 - weasyprint - WARNING - Ignored `stroke-dasharray: 3, 3` at 1:1, unknown property.
2024-10-27 09:53:41,576 - weasyprint - WARNING - Ignored `stroke-dasharray: 3, 3` at 1:1, unknown property.
2024-10-27 09:53:41,576 - weasyprint - WARNING - Ignored `stroke-dasharray: 3, 3` at 1:1, unknown property.
2024-10-27 09:53:41,576 - weasyprint - WARNING - Ignored `stroke-dasharray: 3, 3` at 1:1, unknown property.
2024-10-27 09:53:41,576 - weasyprint - WARNING - Ignored `stroke-dasharray: 3, 3` at 1:1, unknown property.
2024-10-27 09:53:41,576 - weasyprint - WARNING - Ignored `stroke-dasharray: 3, 3` at 1:1, unknown property.
2024-10-27 09:53:41,576 - weasyprint - WARNING - Ignored `stroke-dasharray: 3, 3` at 1:1, unknown property.
2024-10-27 09:53:41,576 - weasyprint - WARNING - Ignored `stroke-dasharray: 3, 3` at 1:1, unknown property.
2024-10-27 09:53:41,576 - weasyprint - WARNING - Ignored `stroke-dasharray: 3, 3` at 1:1, unknown property.
2024-10-27 09:53:41,576 - weasyprint - WARNING - Ignored `stroke-dasharray: 3, 3` at 1:1, unknown property.
2024-10-27 09:53:41,576 - weasyprint - WARNING - Ignored `stroke-dasharray: 3, 3` at 1:1, unknown property.
2024-10-27 09:53:41,576 - weasyprint - WARNING - Ignored `stroke-dasharray: 3, 3` at 1:1, unknown property.
2024-10-27 09:53:41,576 - weasyprint - WARNING - Ignored `stroke-dasharray: 3, 3` at 1:1, unknown property.
2024-10-27 09:53:41,576 - weasyprint - WARNING - Ignored `stroke-dasharray: 3, 3` at 1:1, unknown property.
2024-10-27 09:53:41,577 - weasyprint - WARNING - Ignored `stroke-dasharray: 3, 3` at 1:1, unknown property.
2024-10-27 09:53:41,577 - weasyprint - WARNING - Ignored `stroke-dasharray: 3, 3` at 1:1, unknown property.
2024-10-27 09:53:41,577 - weasyprint - WARNING - Ignored `stroke-dasharray: 3, 3` at 1:1, unknown property.
2024-10-27 09:53:41,577 - weasyprint - WARNING - Ignored `stroke-dasharray: 3, 3` at 1:1, unknown property.
2024-10-27 09:53:41,577 - weasyprint - WARNING - Ignored `stroke-dasharray: 3, 3` at 1:1, unknown property.
2024-10-27 09:53:41,577 - weasyprint - WARNING - Ignored `stroke-dasharray: 3, 3` at 1:1, unknown property.
2024-10-27 09:53:41,577 - weasyprint - WARNING - Ignored `stroke-dasharray: 3, 3` at 1:1, unknown property.
2024-10-27 09:53:41,577 - weasyprint - WARNING - Ignored `stroke-dasharray: 3, 3` at 1:1, unknown property.
2024-10-27 09:53:41,577 - weasyprint - WARNING - Ignored `stroke-dasharray: 3, 3` at 1:1, unknown property.
2024-10-27 09:53:41,577 - weasyprint - WARNING - Ignored `stroke-dasharray: 3, 3` at 1:1, unknown property.
2024-10-27 09:53:41,577 - weasyprint - WARNING - Ignored `stroke-dasharray: 3, 3` at 1:1, unknown property.
2024-10-27 09:53:41,577 - weasyprint - WARNING - Ignored `stroke-dasharray: 3, 3` at 1:1, unknown property.
2024-10-27 09:53:41,577 - weasyprint - WARNING - Ignored `stroke-dasharray: 3, 3` at 1:1, unknown property.
2024-10-27 09:53:41,577 - weasyprint - WARNING - Ignored `stroke-dasharray: 3, 3` at 1:1, unknown property.
2024-10-27 09:53:41,577 - weasyprint - WARNING - Ignored `stroke-dasharray: 3, 3` at 1:1, unknown property.
2024-10-27 09:53:41,577 - weasyprint - WARNING - Ignored `stroke-dasharray: 3, 3` at 1:1, unknown property.
2024-10-27 09:53:41,580 - weasyprint - WARNING - Ignored `stroke: black` at 1:1, unknown property.
2024-10-27 09:53:41,580 - weasyprint - WARNING - Ignored `stroke-width: 1` at 1:16, unknown property.
2024-10-27 09:53:41,580 - weasyprint - WARNING - Ignored `height: intrinsic` at 1:32, invalid value.
2024-10-27 09:53:41,581 - weasyprint - WARNING - Ignored `height: intrinsic` at 1:32, invalid value.
2024-10-27 09:53:41,785 - weasyprint.progress - INFO - Step 4 - Creating formatting structure
2024-10-27 09:53:41,964 - weasyprint.progress - INFO - Step 5 - Creating layout - Page 1
2024-10-27 09:53:42,005 - weasyprint.progress - INFO - Step 6 - Creating PDF
2024-10-27 09:53:42,082 - weasyprint - ERROR - Failed to render SVG image file:///py-allotax/src/output_charts/test2.html
2024-10-27 09:53:42,154 - weasyprint.progress - INFO - Step 7 - Adding PDF metadata
2024-10-27 09:53:42,155 - fontTools.ttLib.ttFont - DEBUG - Reading 'maxp' table from disk
2024-10-27 09:53:42,155 - fontTools.ttLib.ttFont - DEBUG - Decompiling 'maxp' table
2024-10-27 09:53:42,156 - fontTools.subset.timer - DEBUG - Took 0.000s to load 'maxp'
2024-10-27 09:53:42,156 - fontTools.subset.timer - DEBUG - Took 0.000s to prune 'maxp'
2024-10-27 09:53:42,156 - fontTools.subset - INFO - maxp pruned
2024-10-27 09:53:42,156 - fontTools.subset - INFO - LTSH dropped
2024-10-27 09:53:42,156 - fontTools.subset - INFO - VDMX dropped
2024-10-27 09:53:42,156 - fontTools.subset - INFO - hdmx dropped
2024-10-27 09:53:42,156 - fontTools.ttLib.ttFont - DEBUG - Reading 'cmap' table from disk
2024-10-27 09:53:42,156 - fontTools.ttLib.ttFont - DEBUG - Decompiling 'cmap' table
2024-10-27 09:53:42,156 - fontTools.subset.timer - DEBUG - Took 0.000s to load 'cmap'
2024-10-27 09:53:42,156 - fontTools.subset.timer - DEBUG - Took 0.000s to prune 'cmap'
2024-10-27 09:53:42,156 - fontTools.subset - INFO - cmap pruned
2024-10-27 09:53:42,156 - fontTools.subset - INFO - fpgm dropped
2024-10-27 09:53:42,156 - fontTools.subset - INFO - prep dropped
2024-10-27 09:53:42,156 - fontTools.subset - INFO - cvt  dropped
2024-10-27 09:53:42,156 - fontTools.subset - INFO - kern dropped
2024-10-27 09:53:42,156 - fontTools.ttLib.ttFont - DEBUG - Reading 'post' table from disk
2024-10-27 09:53:42,156 - fontTools.ttLib.ttFont - DEBUG - Decompiling 'post' table
2024-10-27 09:53:42,157 - fontTools.subset.timer - DEBUG - Took 0.001s to load 'post'
2024-10-27 09:53:42,157 - fontTools.subset.timer - DEBUG - Took 0.000s to prune 'post'
2024-10-27 09:53:42,157 - fontTools.subset - INFO - post pruned
2024-10-27 09:53:42,157 - fontTools.subset - INFO - DSIG dropped
2024-10-27 09:53:42,157 - fontTools.subset - INFO - GPOS dropped
2024-10-27 09:53:42,157 - fontTools.subset - INFO - GSUB dropped
2024-10-27 09:53:42,157 - fontTools.ttLib.ttFont - DEBUG - Reading 'glyf' table from disk
2024-10-27 09:53:42,157 - fontTools.ttLib.ttFont - DEBUG - Decompiling 'glyf' table
2024-10-27 09:53:42,157 - fontTools.ttLib.ttFont - DEBUG - Reading 'loca' table from disk
2024-10-27 09:53:42,157 - fontTools.ttLib.ttFont - DEBUG - Decompiling 'loca' table
2024-10-27 09:53:42,157 - fontTools.ttLib.ttFont - DEBUG - Reading 'head' table from disk
2024-10-27 09:53:42,157 - fontTools.ttLib.ttFont - DEBUG - Decompiling 'head' table
2024-10-27 09:53:42,158 - fontTools.subset.timer - DEBUG - Took 0.001s to load 'glyf'
2024-10-27 09:53:42,158 - fontTools.subset.timer - DEBUG - Took 0.000s to prune 'glyf'
2024-10-27 09:53:42,158 - fontTools.subset - INFO - glyf pruned
2024-10-27 09:53:42,158 - fontTools.subset.timer - DEBUG - Took 0.000s to close glyph list over 'cmap'
2024-10-27 09:53:42,158 - fontTools.subset - INFO - Added gid0 to subset
2024-10-27 09:53:42,158 - fontTools.subset - INFO - Closing glyph list over 'glyf': 60 glyphs before
2024-10-27 09:53:42,158 - fontTools.subset - INFO - Glyph names: ['.notdef', 'A', 'B', 'C', 'D', 'G', 'H', 'I', 'J', 'K', 'L', 'M', 'N', 'O', 'P', 'R', 'S', 'U', 'V', 'W', 'a', 'b', 'c', 'd', 'e', 'eight', 'f', 'five', 'four', 'g', 'h', 'i', 'k', 'l', 'm', 'middot', 'minus', 'n', 'nine', 'o', 'one', 'p', 'parenleft', 'parenright', 'percent', 'period', 'q', 'r', 's', 'seven', 'six', 't', 'three', 'two', 'u', 'v', 'w', 'x', 'y', 'zero']
2024-10-27 09:53:42,159 - fontTools.subset - INFO - Glyph IDs:   [0, 8, 11, 12, 17, 19, 20, 21, 22, 23, 24, 25, 26, 27, 28, 36, 37, 38, 39, 42, 43, 44, 45, 46, 47, 48, 49, 50, 51, 53, 54, 56, 57, 58, 68, 69, 70, 71, 72, 73, 74, 75, 76, 78, 79, 80, 81, 82, 83, 84, 85, 86, 87, 88, 89, 90, 91, 92, 237, 257]
2024-10-27 09:53:42,159 - fontTools.subset - INFO - Closed glyph list over 'glyf': 60 glyphs after
2024-10-27 09:53:42,159 - fontTools.subset - INFO - Glyph names: ['.notdef', 'A', 'B', 'C', 'D', 'G', 'H', 'I', 'J', 'K', 'L', 'M', 'N', 'O', 'P', 'R', 'S', 'U', 'V', 'W', 'a', 'b', 'c', 'd', 'e', 'eight', 'f', 'five', 'four', 'g', 'h', 'i', 'k', 'l', 'm', 'middot', 'minus', 'n', 'nine', 'o', 'one', 'p', 'parenleft', 'parenright', 'percent', 'period', 'q', 'r', 's', 'seven', 'six', 't', 'three', 'two', 'u', 'v', 'w', 'x', 'y', 'zero']
2024-10-27 09:53:42,159 - fontTools.subset - INFO - Glyph IDs:   [0, 8, 11, 12, 17, 19, 20, 21, 22, 23, 24, 25, 26, 27, 28, 36, 37, 38, 39, 42, 43, 44, 45, 46, 47, 48, 49, 50, 51, 53, 54, 56, 57, 58, 68, 69, 70, 71, 72, 73, 74, 75, 76, 78, 79, 80, 81, 82, 83, 84, 85, 86, 87, 88, 89, 90, 91, 92, 237, 257]
2024-10-27 09:53:42,159 - fontTools.subset.timer - DEBUG - Took 0.000s to close glyph list over 'glyf'
2024-10-27 09:53:42,159 - fontTools.subset - INFO - Retaining 60 glyphs
2024-10-27 09:53:42,159 - fontTools.subset - INFO - head subsetting not needed
2024-10-27 09:53:42,159 - fontTools.subset - INFO - hhea subsetting not needed
2024-10-27 09:53:42,159 - fontTools.subset - INFO - maxp subsetting not needed
2024-10-27 09:53:42,159 - fontTools.subset - INFO - OS/2 subsetting not needed
2024-10-27 09:53:42,159 - fontTools.ttLib.ttFont - DEBUG - Reading 'hmtx' table from disk
2024-10-27 09:53:42,159 - fontTools.ttLib.ttFont - DEBUG - Decompiling 'hmtx' table
2024-10-27 09:53:42,159 - fontTools.ttLib.ttFont - DEBUG - Reading 'hhea' table from disk
2024-10-27 09:53:42,159 - fontTools.ttLib.ttFont - DEBUG - Decompiling 'hhea' table
2024-10-27 09:53:42,160 - fontTools.subset.timer - DEBUG - Took 0.000s to subset 'hmtx'
2024-10-27 09:53:42,160 - fontTools.subset - INFO - hmtx subsetted
2024-10-27 09:53:42,160 - fontTools.subset.timer - DEBUG - Took 0.000s to subset 'cmap'
2024-10-27 09:53:42,160 - fontTools.subset - INFO - cmap subsetted
2024-10-27 09:53:42,160 - fontTools.subset - INFO - loca subsetting not needed
2024-10-27 09:53:42,160 - fontTools.subset.timer - DEBUG - Took 0.000s to subset 'post'
2024-10-27 09:53:42,160 - fontTools.subset - INFO - post subsetted
2024-10-27 09:53:42,160 - fontTools.subset - INFO - gasp subsetting not needed
2024-10-27 09:53:42,160 - fontTools.ttLib.ttFont - DEBUG - Reading 'GDEF' table from disk
2024-10-27 09:53:42,160 - fontTools.ttLib.ttFont - DEBUG - Decompiling 'GDEF' table
2024-10-27 09:53:42,160 - fontTools.subset.timer - DEBUG - Took 0.000s to subset 'GDEF'
2024-10-27 09:53:42,160 - fontTools.subset - INFO - GDEF subsetted
2024-10-27 09:53:42,160 - fontTools.subset - INFO - name subsetting not needed
2024-10-27 09:53:42,160 - fontTools.subset.timer - DEBUG - Took 0.000s to subset 'glyf'
2024-10-27 09:53:42,160 - fontTools.subset - INFO - glyf subsetted
2024-10-27 09:53:42,161 - fontTools.subset.timer - DEBUG - Took 0.000s to subset GlyphOrder
2024-10-27 09:53:42,161 - fontTools.subset.timer - DEBUG - Took 0.000s to prune 'head'
2024-10-27 09:53:42,161 - fontTools.subset - INFO - head pruned
2024-10-27 09:53:42,161 - fontTools.ttLib.ttFont - DEBUG - Reading 'OS/2' table from disk
2024-10-27 09:53:42,161 - fontTools.ttLib.ttFont - DEBUG - Decompiling 'OS/2' table
2024-10-27 09:53:42,161 - fontTools.subset - INFO - OS/2 Unicode ranges pruned: [0, 1, 38]
2024-10-27 09:53:42,161 - fontTools.subset - INFO - OS/2 CodePage ranges pruned: [0]
2024-10-27 09:53:42,161 - fontTools.subset.timer - DEBUG - Took 0.000s to prune 'glyf'
2024-10-27 09:53:42,161 - fontTools.subset - INFO - glyf pruned
2024-10-27 09:53:42,161 - fontTools.subset.timer - DEBUG - Took 0.000s to prune 'GDEF'
2024-10-27 09:53:42,161 - fontTools.subset - INFO - GDEF pruned
2024-10-27 09:53:42,161 - fontTools.ttLib.ttFont - DEBUG - Reading 'name' table from disk
2024-10-27 09:53:42,161 - fontTools.ttLib.ttFont - DEBUG - Decompiling 'name' table
2024-10-27 09:53:42,162 - fontTools.ttLib.ttFont - DEBUG - Reading 'gasp' table from disk
2024-10-27 09:53:42,162 - fontTools.ttLib.ttFont - DEBUG - Decompiling 'gasp' table
2024-10-27 09:53:42,162 - fontTools.subset.timer - DEBUG - Took 0.000s to prune 'name'
2024-10-27 09:53:42,162 - fontTools.subset - INFO - name pruned
2024-10-27 09:53:42,162 - fontTools.ttLib.ttFont - DEBUG - Compiling 'glyf' table
2024-10-27 09:53:42,166 - fontTools.ttLib.ttFont - DEBUG - Writing 'glyf' table to disk
2024-10-27 09:53:42,166 - fontTools.ttLib.ttFont - DEBUG - Compiling 'maxp' table
2024-10-27 09:53:42,166 - fontTools.ttLib.ttFont - DEBUG - Writing 'maxp' table to disk
2024-10-27 09:53:42,166 - fontTools.ttLib.ttFont - DEBUG - Compiling 'loca' table
2024-10-27 09:53:42,166 - fontTools.ttLib.ttFont - DEBUG - Writing 'loca' table to disk
2024-10-27 09:53:42,166 - fontTools.ttLib.ttFont - DEBUG - Compiling 'head' table
2024-10-27 09:53:42,166 - fontTools.ttLib.ttFont - DEBUG - Writing 'head' table to disk
2024-10-27 09:53:42,166 - fontTools.ttLib.ttFont - DEBUG - Compiling 'hmtx' table
2024-10-27 09:53:42,167 - fontTools.ttLib.ttFont - DEBUG - Writing 'hmtx' table to disk
2024-10-27 09:53:42,167 - fontTools.ttLib.ttFont - DEBUG - Compiling 'hhea' table
2024-10-27 09:53:42,167 - fontTools.ttLib.ttFont - DEBUG - Writing 'hhea' table to disk
2024-10-27 09:53:42,167 - fontTools.ttLib.ttFont - DEBUG - Compiling 'OS/2' table
2024-10-27 09:53:42,167 - fontTools.ttLib.ttFont - DEBUG - Writing 'OS/2' table to disk
2024-10-27 09:53:42,167 - fontTools.ttLib.ttFont - DEBUG - Compiling 'cmap' table
2024-10-27 09:53:42,167 - fontTools.ttLib.ttFont - DEBUG - Writing 'cmap' table to disk
2024-10-27 09:53:42,167 - fontTools.ttLib.ttFont - DEBUG - Compiling 'name' table
2024-10-27 09:53:42,167 - fontTools.ttLib.ttFont - DEBUG - Writing 'name' table to disk
2024-10-27 09:53:42,167 - fontTools.ttLib.ttFont - DEBUG - Compiling 'post' table
2024-10-27 09:53:42,167 - fontTools.ttLib.ttFont - DEBUG - Writing 'post' table to disk
2024-10-27 09:53:42,167 - fontTools.ttLib.ttFont - DEBUG - Compiling 'gasp' table
2024-10-27 09:53:42,167 - fontTools.ttLib.ttFont - DEBUG - Writing 'gasp' table to disk
2024-10-27 09:53:42,167 - fontTools.ttLib.ttFont - DEBUG - Compiling 'GDEF' table
2024-10-27 09:53:42,167 - fontTools.ttLib.ttFont - DEBUG - Writing 'GDEF' table to disk
2024-10-27 09:53:42,168 - fontTools.ttLib.ttFont - DEBUG - Reading 'maxp' table from disk
2024-10-27 09:53:42,168 - fontTools.ttLib.ttFont - DEBUG - Decompiling 'maxp' table
2024-10-27 09:53:42,168 - fontTools.subset.timer - DEBUG - Took 0.000s to load 'maxp'
2024-10-27 09:53:42,168 - fontTools.subset.timer - DEBUG - Took 0.000s to prune 'maxp'
2024-10-27 09:53:42,168 - fontTools.subset - INFO - maxp pruned
2024-10-27 09:53:42,168 - fontTools.subset - INFO - LTSH dropped
2024-10-27 09:53:42,168 - fontTools.subset - INFO - VDMX dropped
2024-10-27 09:53:42,168 - fontTools.subset - INFO - hdmx dropped
2024-10-27 09:53:42,168 - fontTools.ttLib.ttFont - DEBUG - Reading 'cmap' table from disk
2024-10-27 09:53:42,168 - fontTools.ttLib.ttFont - DEBUG - Decompiling 'cmap' table
2024-10-27 09:53:42,168 - fontTools.subset.timer - DEBUG - Took 0.000s to load 'cmap'
2024-10-27 09:53:42,168 - fontTools.subset.timer - DEBUG - Took 0.000s to prune 'cmap'
2024-10-27 09:53:42,168 - fontTools.subset - INFO - cmap pruned
2024-10-27 09:53:42,168 - fontTools.subset - INFO - fpgm dropped
2024-10-27 09:53:42,168 - fontTools.subset - INFO - prep dropped
2024-10-27 09:53:42,168 - fontTools.subset - INFO - cvt  dropped
2024-10-27 09:53:42,168 - fontTools.subset - INFO - kern dropped
2024-10-27 09:53:42,168 - fontTools.ttLib.ttFont - DEBUG - Reading 'post' table from disk
2024-10-27 09:53:42,168 - fontTools.ttLib.ttFont - DEBUG - Decompiling 'post' table
2024-10-27 09:53:42,170 - fontTools.subset.timer - DEBUG - Took 0.002s to load 'post'
2024-10-27 09:53:42,170 - fontTools.subset.timer - DEBUG - Took 0.000s to prune 'post'
2024-10-27 09:53:42,170 - fontTools.subset - INFO - post pruned
2024-10-27 09:53:42,170 - fontTools.subset - INFO - PCLT dropped
2024-10-27 09:53:42,170 - fontTools.subset - INFO - JSTF dropped
2024-10-27 09:53:42,170 - fontTools.subset - INFO - DSIG dropped
2024-10-27 09:53:42,170 - fontTools.subset - INFO - GPOS dropped
2024-10-27 09:53:42,171 - fontTools.subset - INFO - GSUB dropped
2024-10-27 09:53:42,171 - fontTools.ttLib.ttFont - DEBUG - Reading 'glyf' table from disk
2024-10-27 09:53:42,171 - fontTools.ttLib.ttFont - DEBUG - Decompiling 'glyf' table
2024-10-27 09:53:42,171 - fontTools.ttLib.ttFont - DEBUG - Reading 'loca' table from disk
2024-10-27 09:53:42,171 - fontTools.ttLib.ttFont - DEBUG - Decompiling 'loca' table
2024-10-27 09:53:42,171 - fontTools.ttLib.ttFont - DEBUG - Reading 'head' table from disk
2024-10-27 09:53:42,171 - fontTools.ttLib.ttFont - DEBUG - Decompiling 'head' table
2024-10-27 09:53:42,172 - fontTools.subset.timer - DEBUG - Took 0.002s to load 'glyf'
2024-10-27 09:53:42,172 - fontTools.subset.timer - DEBUG - Took 0.000s to prune 'glyf'
2024-10-27 09:53:42,172 - fontTools.subset - INFO - glyf pruned
2024-10-27 09:53:42,174 - fontTools.subset.timer - DEBUG - Took 0.001s to close glyph list over 'cmap'
2024-10-27 09:53:42,174 - fontTools.subset - INFO - Added gid0 to subset
2024-10-27 09:53:42,174 - fontTools.subset - INFO - Closing glyph list over 'glyf': 3 glyphs before
2024-10-27 09:53:42,174 - fontTools.subset - INFO - Glyph names: ['.notdef', 'arrowleft', 'arrowright']
2024-10-27 09:53:42,174 - fontTools.subset - INFO - Glyph IDs:   [0, 312, 314]
2024-10-27 09:53:42,174 - fontTools.subset - INFO - Closed glyph list over 'glyf': 3 glyphs after
2024-10-27 09:53:42,174 - fontTools.subset - INFO - Glyph names: ['.notdef', 'arrowleft', 'arrowright']
2024-10-27 09:53:42,174 - fontTools.subset - INFO - Glyph IDs:   [0, 312, 314]
2024-10-27 09:53:42,174 - fontTools.subset.timer - DEBUG - Took 0.000s to close glyph list over 'glyf'
2024-10-27 09:53:42,175 - fontTools.subset - INFO - Retaining 3 glyphs
2024-10-27 09:53:42,175 - fontTools.subset - INFO - head subsetting not needed
2024-10-27 09:53:42,175 - fontTools.subset - INFO - hhea subsetting not needed
2024-10-27 09:53:42,175 - fontTools.subset - INFO - maxp subsetting not needed
2024-10-27 09:53:42,175 - fontTools.subset - INFO - OS/2 subsetting not needed
2024-10-27 09:53:42,175 - fontTools.ttLib.ttFont - DEBUG - Reading 'hmtx' table from disk
2024-10-27 09:53:42,175 - fontTools.ttLib.ttFont - DEBUG - Decompiling 'hmtx' table
2024-10-27 09:53:42,175 - fontTools.ttLib.ttFont - DEBUG - Reading 'hhea' table from disk
2024-10-27 09:53:42,175 - fontTools.ttLib.ttFont - DEBUG - Decompiling 'hhea' table
2024-10-27 09:53:42,228 - fontTools.subset.timer - DEBUG - Took 0.053s to subset 'hmtx'
2024-10-27 09:53:42,228 - fontTools.subset - INFO - hmtx subsetted
2024-10-27 09:53:42,228 - fontTools.subset.timer - DEBUG - Took 0.000s to subset 'cmap'
2024-10-27 09:53:42,228 - fontTools.subset - INFO - cmap subsetted
2024-10-27 09:53:42,228 - fontTools.subset - INFO - loca subsetting not needed
2024-10-27 09:53:42,228 - fontTools.subset.timer - DEBUG - Took 0.000s to subset 'post'
2024-10-27 09:53:42,228 - fontTools.subset - INFO - post subsetted
2024-10-27 09:53:42,229 - fontTools.subset - INFO - gasp subsetting not needed
2024-10-27 09:53:42,229 - fontTools.ttLib.ttFont - DEBUG - Reading 'GDEF' table from disk
2024-10-27 09:53:42,229 - fontTools.ttLib.ttFont - DEBUG - Decompiling 'GDEF' table
2024-10-27 09:53:42,230 - fontTools.subset.timer - DEBUG - Took 0.001s to subset 'GDEF'
2024-10-27 09:53:42,230 - fontTools.subset - INFO - GDEF subsetted
2024-10-27 09:53:42,230 - fontTools.subset - INFO - name subsetting not needed
2024-10-27 09:53:42,230 - fontTools.subset.timer - DEBUG - Took 0.001s to subset 'glyf'
2024-10-27 09:53:42,230 - fontTools.subset - INFO - glyf subsetted
2024-10-27 09:53:42,230 - fontTools.subset.timer - DEBUG - Took 0.000s to subset GlyphOrder
2024-10-27 09:53:42,230 - fontTools.subset.timer - DEBUG - Took 0.000s to prune 'head'
2024-10-27 09:53:42,230 - fontTools.subset - INFO - head pruned
2024-10-27 09:53:42,230 - fontTools.ttLib.ttFont - DEBUG - Reading 'OS/2' table from disk
2024-10-27 09:53:42,230 - fontTools.ttLib.ttFont - DEBUG - Decompiling 'OS/2' table
2024-10-27 09:53:42,230 - fontTools.subset - INFO - OS/2 Unicode ranges pruned: []
2024-10-27 09:53:42,231 - fontTools.subset - INFO - OS/2 CodePage ranges pruned: [0]
2024-10-27 09:53:42,231 - fontTools.subset.timer - DEBUG - Took 0.000s to prune 'glyf'
2024-10-27 09:53:42,231 - fontTools.subset - INFO - glyf pruned
2024-10-27 09:53:42,231 - fontTools.subset.timer - DEBUG - Took 0.000s to prune 'GDEF'
2024-10-27 09:53:42,231 - fontTools.subset - INFO - GDEF pruned
2024-10-27 09:53:42,231 - fontTools.ttLib.ttFont - DEBUG - Reading 'name' table from disk
2024-10-27 09:53:42,231 - fontTools.ttLib.ttFont - DEBUG - Decompiling 'name' table
2024-10-27 09:53:42,231 - fontTools.ttLib.ttFont - DEBUG - Reading 'gasp' table from disk
2024-10-27 09:53:42,231 - fontTools.ttLib.ttFont - DEBUG - Decompiling 'gasp' table
2024-10-27 09:53:42,231 - fontTools.subset.timer - DEBUG - Took 0.000s to prune 'name'
2024-10-27 09:53:42,231 - fontTools.subset - INFO - name pruned
2024-10-27 09:53:42,231 - fontTools.ttLib.ttFont - DEBUG - Compiling 'glyf' table
2024-10-27 09:53:42,231 - fontTools.ttLib.ttFont - DEBUG - Writing 'glyf' table to disk
2024-10-27 09:53:42,232 - fontTools.ttLib.ttFont - DEBUG - Compiling 'maxp' table
2024-10-27 09:53:42,232 - fontTools.ttLib.ttFont - DEBUG - Writing 'maxp' table to disk
2024-10-27 09:53:42,232 - fontTools.ttLib.ttFont - DEBUG - Compiling 'loca' table
2024-10-27 09:53:42,232 - fontTools.ttLib.ttFont - DEBUG - Writing 'loca' table to disk
2024-10-27 09:53:42,232 - fontTools.ttLib.ttFont - DEBUG - Compiling 'head' table
2024-10-27 09:53:42,232 - fontTools.ttLib.ttFont - DEBUG - Writing 'head' table to disk
2024-10-27 09:53:42,232 - fontTools.ttLib.ttFont - DEBUG - Compiling 'hmtx' table
2024-10-27 09:53:42,232 - fontTools.ttLib.ttFont - DEBUG - Writing 'hmtx' table to disk
2024-10-27 09:53:42,232 - fontTools.ttLib.ttFont - DEBUG - Compiling 'hhea' table
2024-10-27 09:53:42,232 - fontTools.ttLib.ttFont - DEBUG - Writing 'hhea' table to disk
2024-10-27 09:53:42,232 - fontTools.ttLib.ttFont - DEBUG - Compiling 'OS/2' table
2024-10-27 09:53:42,232 - fontTools.ttLib.ttFont - DEBUG - Writing 'OS/2' table to disk
2024-10-27 09:53:42,232 - fontTools.ttLib.ttFont - DEBUG - Compiling 'cmap' table
2024-10-27 09:53:42,232 - fontTools.ttLib.ttFont - DEBUG - Writing 'cmap' table to disk
2024-10-27 09:53:42,232 - fontTools.ttLib.ttFont - DEBUG - Compiling 'name' table
2024-10-27 09:53:42,232 - fontTools.ttLib.ttFont - DEBUG - Writing 'name' table to disk
2024-10-27 09:53:42,232 - fontTools.ttLib.ttFont - DEBUG - Compiling 'post' table
2024-10-27 09:53:42,232 - fontTools.ttLib.ttFont - DEBUG - Writing 'post' table to disk
2024-10-27 09:53:42,232 - fontTools.ttLib.ttFont - DEBUG - Compiling 'gasp' table
2024-10-27 09:53:42,232 - fontTools.ttLib.ttFont - DEBUG - Writing 'gasp' table to disk
2024-10-27 09:53:42,232 - fontTools.ttLib.ttFont - DEBUG - Compiling 'GDEF' table
2024-10-27 09:53:42,233 - fontTools.ttLib.ttFont - DEBUG - Writing 'GDEF' table to disk
2024-10-27 09:53:42,233 - fontTools.ttLib.ttFont - DEBUG - Reading 'maxp' table from disk
2024-10-27 09:53:42,233 - fontTools.ttLib.ttFont - DEBUG - Decompiling 'maxp' table
2024-10-27 09:53:42,233 - fontTools.subset.timer - DEBUG - Took 0.000s to load 'maxp'
2024-10-27 09:53:42,233 - fontTools.subset.timer - DEBUG - Took 0.000s to prune 'maxp'
2024-10-27 09:53:42,233 - fontTools.subset - INFO - maxp pruned
2024-10-27 09:53:42,233 - fontTools.subset - INFO - LTSH dropped
2024-10-27 09:53:42,233 - fontTools.subset - INFO - hdmx dropped
2024-10-27 09:53:42,233 - fontTools.ttLib.ttFont - DEBUG - Reading 'cmap' table from disk
2024-10-27 09:53:42,233 - fontTools.ttLib.ttFont - DEBUG - Decompiling 'cmap' table
2024-10-27 09:53:42,233 - fontTools.subset.timer - DEBUG - Took 0.000s to load 'cmap'
2024-10-27 09:53:42,233 - fontTools.subset.timer - DEBUG - Took 0.000s to prune 'cmap'
2024-10-27 09:53:42,233 - fontTools.subset - INFO - cmap pruned
2024-10-27 09:53:42,233 - fontTools.subset - INFO - fpgm dropped
2024-10-27 09:53:42,233 - fontTools.subset - INFO - prep dropped
2024-10-27 09:53:42,233 - fontTools.subset - INFO - cvt  dropped
2024-10-27 09:53:42,233 - fontTools.ttLib.ttFont - DEBUG - Reading 'post' table from disk
2024-10-27 09:53:42,233 - fontTools.ttLib.ttFont - DEBUG - Decompiling 'post' table
2024-10-27 09:53:42,233 - fontTools.subset.timer - DEBUG - Took 0.000s to load 'post'
2024-10-27 09:53:42,233 - fontTools.subset.timer - DEBUG - Took 0.000s to prune 'post'
2024-10-27 09:53:42,233 - fontTools.subset - INFO - post pruned
2024-10-27 09:53:42,233 - fontTools.subset - INFO - DSIG dropped
2024-10-27 09:53:42,233 - fontTools.subset - INFO - GPOS dropped
2024-10-27 09:53:42,233 - fontTools.subset - INFO - GSUB dropped
2024-10-27 09:53:42,233 - fontTools.ttLib.ttFont - DEBUG - Reading 'glyf' table from disk
2024-10-27 09:53:42,237 - fontTools.ttLib.ttFont - DEBUG - Decompiling 'glyf' table
2024-10-27 09:53:42,237 - fontTools.ttLib.ttFont - DEBUG - Reading 'loca' table from disk
2024-10-27 09:53:42,237 - fontTools.ttLib.ttFont - DEBUG - Decompiling 'loca' table
2024-10-27 09:53:42,237 - fontTools.ttLib.ttFont - DEBUG - Reading 'head' table from disk
2024-10-27 09:53:42,237 - fontTools.ttLib.ttFont - DEBUG - Decompiling 'head' table
2024-10-27 09:53:42,245 - fontTools.ttLib.ttFont - DEBUG - Reading 'cmap' table from disk
2024-10-27 09:53:42,245 - fontTools.ttLib.ttFont - DEBUG - Decompiling 'cmap' table
2024-10-27 09:53:42,380 - fontTools.subset.timer - DEBUG - Took 0.147s to load 'glyf'
2024-10-27 09:53:42,380 - fontTools.subset.timer - DEBUG - Took 0.000s to prune 'glyf'
2024-10-27 09:53:42,380 - fontTools.subset - INFO - glyf pruned
2024-10-27 09:53:42,389 - fontTools.subset.timer - DEBUG - Took 0.008s to close glyph list over 'cmap'
2024-10-27 09:53:42,389 - fontTools.subset - INFO - Added gid0 to subset
2024-10-27 09:53:42,389 - fontTools.subset - INFO - Closing glyph list over 'glyf': 2 glyphs before
2024-10-27 09:53:42,389 - fontTools.subset - INFO - Glyph names: ['.notdef', 'uni21CB']
2024-10-27 09:53:42,393 - fontTools.subset - INFO - Glyph IDs:   [0, 3507]
2024-10-27 09:53:42,393 - fontTools.subset - INFO - Closed glyph list over 'glyf': 2 glyphs after
2024-10-27 09:53:42,393 - fontTools.subset - INFO - Glyph names: ['.notdef', 'uni21CB']
2024-10-27 09:53:42,393 - fontTools.subset - INFO - Glyph IDs:   [0, 3507]
2024-10-27 09:53:42,393 - fontTools.subset.timer - DEBUG - Took 0.004s to close glyph list over 'glyf'
2024-10-27 09:53:42,403 - fontTools.subset - INFO - Retaining 2 glyphs
2024-10-27 09:53:42,404 - fontTools.subset - INFO - head subsetting not needed
2024-10-27 09:53:42,404 - fontTools.subset - INFO - hhea subsetting not needed
2024-10-27 09:53:42,404 - fontTools.subset - INFO - maxp subsetting not needed
2024-10-27 09:53:42,404 - fontTools.subset - INFO - OS/2 subsetting not needed
2024-10-27 09:53:42,404 - fontTools.ttLib.ttFont - DEBUG - Reading 'hmtx' table from disk
2024-10-27 09:53:42,404 - fontTools.ttLib.ttFont - DEBUG - Decompiling 'hmtx' table
2024-10-27 09:53:42,404 - fontTools.ttLib.ttFont - DEBUG - Reading 'hhea' table from disk
2024-10-27 09:53:42,404 - fontTools.ttLib.ttFont - DEBUG - Decompiling 'hhea' table
2024-10-27 09:53:42,421 - fontTools.subset.timer - DEBUG - Took 0.017s to subset 'hmtx'
2024-10-27 09:53:42,421 - fontTools.subset - INFO - hmtx subsetted
2024-10-27 09:53:42,423 - fontTools.subset.timer - DEBUG - Took 0.002s to subset 'cmap'
2024-10-27 09:53:42,423 - fontTools.subset - INFO - cmap subsetted
2024-10-27 09:53:42,423 - fontTools.subset - INFO - loca subsetting not needed
2024-10-27 09:53:42,423 - fontTools.subset.timer - DEBUG - Took 0.000s to subset 'post'
2024-10-27 09:53:42,423 - fontTools.subset - INFO - post subsetted
2024-10-27 09:53:42,423 - fontTools.subset - INFO - gasp subsetting not needed
2024-10-27 09:53:42,423 - fontTools.ttLib.ttFont - DEBUG - Reading 'GDEF' table from disk
2024-10-27 09:53:42,423 - fontTools.ttLib.ttFont - DEBUG - Decompiling 'GDEF' table
2024-10-27 09:53:42,426 - fontTools.subset.timer - DEBUG - Took 0.002s to subset 'GDEF'
2024-10-27 09:53:42,426 - fontTools.subset - INFO - GDEF subsetted
2024-10-27 09:53:42,426 - fontTools.subset - INFO - name subsetting not needed
2024-10-27 09:53:42,437 - fontTools.subset.timer - DEBUG - Took 0.011s to subset 'glyf'
2024-10-27 09:53:42,437 - fontTools.subset - INFO - glyf subsetted
2024-10-27 09:53:42,438 - fontTools.subset.timer - DEBUG - Took 0.000s to subset GlyphOrder
2024-10-27 09:53:42,438 - fontTools.subset.timer - DEBUG - Took 0.000s to prune 'head'
2024-10-27 09:53:42,438 - fontTools.subset - INFO - head pruned
2024-10-27 09:53:42,438 - fontTools.ttLib.ttFont - DEBUG - Reading 'OS/2' table from disk
2024-10-27 09:53:42,438 - fontTools.ttLib.ttFont - DEBUG - Decompiling 'OS/2' table
2024-10-27 09:53:42,438 - fontTools.subset - INFO - OS/2 Unicode ranges pruned: [37]
2024-10-27 09:53:42,438 - fontTools.subset - INFO - OS/2 CodePage ranges pruned: [0]
2024-10-27 09:53:42,438 - fontTools.subset.timer - DEBUG - Took 0.000s to prune 'glyf'
2024-10-27 09:53:42,438 - fontTools.subset - INFO - glyf pruned
2024-10-27 09:53:42,438 - fontTools.subset.timer - DEBUG - Took 0.000s to prune 'GDEF'
2024-10-27 09:53:42,438 - fontTools.subset - INFO - GDEF pruned to empty; dropped
2024-10-27 09:53:42,438 - fontTools.ttLib.ttFont - DEBUG - Reading 'name' table from disk
2024-10-27 09:53:42,438 - fontTools.ttLib.ttFont - DEBUG - Decompiling 'name' table
2024-10-27 09:53:42,439 - fontTools.ttLib.ttFont - DEBUG - Reading 'gasp' table from disk
2024-10-27 09:53:42,439 - fontTools.ttLib.ttFont - DEBUG - Decompiling 'gasp' table
2024-10-27 09:53:42,439 - fontTools.subset.timer - DEBUG - Took 0.000s to prune 'name'
2024-10-27 09:53:42,439 - fontTools.subset - INFO - name pruned
2024-10-27 09:53:42,439 - fontTools.ttLib.ttFont - DEBUG - Compiling 'glyf' table
2024-10-27 09:53:42,440 - fontTools.ttLib.ttFont - DEBUG - Writing 'glyf' table to disk
2024-10-27 09:53:42,440 - fontTools.ttLib.ttFont - DEBUG - Compiling 'maxp' table
2024-10-27 09:53:42,441 - fontTools.ttLib.ttFont - DEBUG - Writing 'maxp' table to disk
2024-10-27 09:53:42,441 - fontTools.ttLib.ttFont - DEBUG - Compiling 'loca' table
2024-10-27 09:53:42,441 - fontTools.ttLib.ttFont - DEBUG - Writing 'loca' table to disk
2024-10-27 09:53:42,441 - fontTools.ttLib.ttFont - DEBUG - Compiling 'head' table
2024-10-27 09:53:42,441 - fontTools.ttLib.ttFont - DEBUG - Writing 'head' table to disk
2024-10-27 09:53:42,441 - fontTools.ttLib.ttFont - DEBUG - Compiling 'hmtx' table
2024-10-27 09:53:42,443 - fontTools.ttLib.ttFont - DEBUG - Writing 'hmtx' table to disk
2024-10-27 09:53:42,443 - fontTools.ttLib.ttFont - DEBUG - Compiling 'hhea' table
2024-10-27 09:53:42,443 - fontTools.ttLib.ttFont - DEBUG - Writing 'hhea' table to disk
2024-10-27 09:53:42,444 - fontTools.ttLib.ttFont - DEBUG - Compiling 'OS/2' table
2024-10-27 09:53:42,444 - fontTools.ttLib.ttFont - DEBUG - Writing 'OS/2' table to disk
2024-10-27 09:53:42,444 - fontTools.ttLib.ttFont - DEBUG - Compiling 'cmap' table
2024-10-27 09:53:42,444 - fontTools.ttLib.ttFont - DEBUG - Writing 'cmap' table to disk
2024-10-27 09:53:42,444 - fontTools.ttLib.ttFont - DEBUG - Compiling 'name' table
2024-10-27 09:53:42,444 - fontTools.ttLib.ttFont - DEBUG - Writing 'name' table to disk
2024-10-27 09:53:42,444 - fontTools.ttLib.ttFont - DEBUG - Compiling 'post' table
2024-10-27 09:53:42,444 - fontTools.ttLib.ttFont - DEBUG - Writing 'post' table to disk
2024-10-27 09:53:42,444 - fontTools.ttLib.ttFont - DEBUG - Compiling 'gasp' table
2024-10-27 09:53:42,444 - fontTools.ttLib.ttFont - DEBUG - Writing 'gasp' table to disk
